<?xml version="1.0" encoding="UTF-8"?>
<!-- Generated by org.testng.reporters.JUnitReportReporter -->
<testsuite skipped="0" hostname="DESKTOP-AF19HRO" name="test.java.TestCases.UploadCSV_TC" tests="1" failures="0" timestamp="2020-11-12T17:55:08 SGT" time="1.371" errors="0">
  <testcase name="uploadCSVTest" time="1.371" classname="test.java.TestCases.UploadCSV_TC"/>
  <system-out/>
</testsuite> <!-- test.java.TestCases.UploadCSV_TC -->
