<?xml version="1.0" encoding="UTF-8"?>
<!-- Generated by org.testng.reporters.JUnitReportReporter -->
<testsuite skipped="0" hostname="DESKTOP-AF19HRO" name="test.java.TestCases.InsertMultipleRecordsTC" tests="1" failures="0" timestamp="2020-11-12T17:55:08 SGT" time="0.077" errors="0">
  <testcase name="InsertMultipleRecordsTest" time="0.077" classname="test.java.TestCases.InsertMultipleRecordsTC"/>
  <system-out/>
</testsuite> <!-- test.java.TestCases.InsertMultipleRecordsTC -->
