<?xml version="1.0" encoding="UTF-8"?>
<!-- Generated by org.testng.reporters.JUnitReportReporter -->
<testsuite skipped="0" hostname="DESKTOP-AF19HRO" name="test.java.TestCases.BookKeeper_taxReliefTC" tests="3" failures="0" timestamp="2020-11-12T17:55:08 SGT" time="10.354" errors="0">
  <testcase name="natIDMaskedWith$Test" time="6.048" classname="test.java.TestCases.BookKeeper_taxReliefTC"/>
  <system-out/>
  <testcase name="computationTaxReliefTest" time="4.233" classname="test.java.TestCases.BookKeeper_taxReliefTC"/>
  <system-out/>
  <testcase name="getTaxReliefTest" time="0.073" classname="test.java.TestCases.BookKeeper_taxReliefTC"/>
  <system-out/>
</testsuite> <!-- test.java.TestCases.BookKeeper_taxReliefTC -->
