<?xml version="1.0" encoding="UTF-8"?>
<!-- Generated by org.testng.reporters.JUnitReportReporter -->
<testsuite skipped="0" hostname="DESKTOP-AF19HRO" name="test.java.TestCases.InsertRecordTC" tests="2" failures="0" timestamp="2020-11-12T17:55:08 SGT" time="0.534" errors="0">
  <testcase name="insertSingleRecordTest" time="0.034" classname="test.java.TestCases.InsertRecordTC"/>
  <system-out/>
  <testcase name="insertIncorrectRecordTest" time="0.500" classname="test.java.TestCases.InsertRecordTC"/>
  <system-out/>
</testsuite> <!-- test.java.TestCases.InsertRecordTC -->
