<?xml version="1.0" encoding="UTF-8"?>
<!-- Generated by org.testng.reporters.JUnitReportReporter -->
<testsuite skipped="0" hostname="DESKTOP-AF19HRO" name="test.java.TestCases.Governer_TC" tests="3" failures="0" timestamp="2020-11-12T17:55:08 SGT" time="69.037" errors="0">
  <testcase name="text_DispenseNowTest" time="43.646" classname="test.java.TestCases.Governer_TC"/>
  <system-out/>
  <testcase name="VeriyCashDispensedTest" time="13.682" classname="test.java.TestCases.Governer_TC"/>
  <system-out/>
  <testcase name="btn_red_Test" time="11.709" classname="test.java.TestCases.Governer_TC"/>
  <system-out/>
</testsuite> <!-- test.java.TestCases.Governer_TC -->
